#
# There is insufficient memory for the Java Runtime Environment to continue.
# Native memory allocation (mmap) failed to map 532676608 bytes for G1 virtual space
# Possible reasons:
#   The system is out of physical RAM or swap space
#   The process is running with CompressedOops enabled, and the Java Heap may be blocking the growth of the native heap
# Possible solutions:
#   Reduce memory load on the system
#   Increase physical memory or swap space
#   Check if swap backing store is full
#   Decrease Java heap size (-Xmx/-Xms)
#   Decrease number of Java threads
#   Decrease Java thread stack sizes (-Xss)
#   Set larger code cache with -XX:ReservedCodeCacheSize=
#   JVM is running with Zero Based Compressed Oops mode in which the Java heap is
#     placed in the first 32GB address space. The Java Heap base address is the
#     maximum limit for the native heap growth. Please use -XX:HeapBaseMinAddress
#     to set the Java Heap base and to place the Java Heap above 32GB virtual address.
# This output file may be truncated or incomplete.
#
#  Out of Memory Error (os_windows.cpp:3825), pid=28440, tid=32428
#
# JRE version:  (17.0.10+8) (build )
# Java VM: OpenJDK 64-Bit Server VM (17.0.10+8-b1207.12, mixed mode, sharing, tiered, compressed oops, compressed class ptrs, g1 gc, windows-amd64)
# No core dump will be written. Minidumps are not enabled by default on client versions of Windows
#

---------------  S U M M A R Y ------------

Command Line: git4idea.http.GitAskPassApp Username for 'https://git.miyutech.cn': 

Host: 12th Gen Intel(R) Core(TM) i7-12700H, 20 cores, 31G,  Windows 11 , 64 bit Build 22621 (10.0.22621.3527)
Time: Sat Aug 24 17:09:21 2024  Windows 11 , 64 bit Build 22621 (10.0.22621.3527) elapsed time: 0.012322 seconds (0d 0h 0m 0s)

---------------  T H R E A D  ---------------

Current thread (0x000002ad27d20020):  JavaThread "Unknown thread" [_thread_in_vm, id=32428, stack(0x000000ca47600000,0x000000ca47700000)]

Stack: [0x000000ca47600000,0x000000ca47700000]
Native frames: (J=compiled Java code, j=interpreted, Vv=VM code, C=native code)
V  [jvm.dll+0x687989]
V  [jvm.dll+0x84116a]
V  [jvm.dll+0x842dae]
V  [jvm.dll+0x843413]
V  [jvm.dll+0x249ccf]
V  [jvm.dll+0x684759]
V  [jvm.dll+0x67900a]
V  [jvm.dll+0x30ab0b]
V  [jvm.dll+0x311fb6]
V  [jvm.dll+0x361d5e]
V  [jvm.dll+0x361f8f]
V  [jvm.dll+0x2e07f8]
V  [jvm.dll+0x2e1764]
V  [jvm.dll+0x811c31]
V  [jvm.dll+0x36fc11]
V  [jvm.dll+0x7f0666]
V  [jvm.dll+0x3f3daf]
V  [jvm.dll+0x3f5a41]
C  [jli.dll+0x528f]
C  [ucrtbase.dll+0x29333]
C  [KERNEL32.DLL+0x1257d]
C  [ntdll.dll+0x5aa48]


---------------  P R O C E S S  ---------------

Threads class SMR info:
_java_thread_list=0x00007ffa0453df58, length=0, elements={
}

Java Threads: ( => current thread )

Other Threads:
  0x000002ad4ddd0900 GCTaskThread "GC Thread#0" [stack: 0x000000ca47700000,0x000000ca47800000] [id=25872]
  0x000002ad4dde1430 ConcurrentGCThread "G1 Main Marker" [stack: 0x000000ca47800000,0x000000ca47900000] [id=22944]
  0x000002ad4dde2500 ConcurrentGCThread "G1 Conc#0" [stack: 0x000000ca47900000,0x000000ca47a00000] [id=25520]

[error occurred during error reporting (printing all threads), id 0xc0000005, EXCEPTION_ACCESS_VIOLATION (0xc0000005) at pc=0x00007ffa03cf13c7]

VM state: not at safepoint (not fully initialized)

VM Mutex/Monitor currently owned by a thread:  ([mutex/lock_event])
[0x000002ad27d1c180] Heap_lock - owner thread: 0x000002ad27d20020

Heap address: 0x0000000604400000, size: 8124 MB, Compressed Oops mode: Zero based, Oop shift amount: 3

CDS archive(s) mapped at: [0x0000000000000000-0x0000000000000000-0x0000000000000000), size 0, SharedBaseAddress: 0x0000000800000000, ArchiveRelocationMode: 1.
Narrow klass base: 0x0000000000000000, Narrow klass shift: 0, Narrow klass range: 0x0

GC Precious Log:
<Empty>

Heap:
 garbage-first heap   total 0K, used 0K [0x0000000604400000, 0x0000000800000000)
  region size 4096K, 0 young (0K), 0 survivors (0K)
 Metaspace       used 0K, committed 0K, reserved 0K
  class space    used 0K, committed 0K, reserved 0K

Heap Regions: E=young(eden), S=young(survivor), O=old, HS=humongous(starts), HC=humongous(continues), CS=collection set, F=free, OA=open archive, CA=closed archive, TAMS=top-at-mark-start (previous, next)

Card table byte_map: [0x000002ad3bf20000,0x000002ad3cf00000] _byte_map_base: 0x000002ad38efe000

Marking Bits (Prev, Next): (CMBitMap*) 0x000002ad4ddd0d30, (CMBitMap*) 0x000002ad4ddd0d70
 Prev Bits: [0x000002ad3dee0000, 0x000002ad45dd0000)
 Next Bits: [0x000002ad45dd0000, 0x000002ad4dcc0000)

GC Heap History (0 events):
No events

Dll operation events (1 events):
Event: 0.008 Loaded shared library D:\Software\idea\IntelliJ IDEA 2024.1\jbr\bin\java.dll

Deoptimization events (0 events):
No events

Classes unloaded (0 events):
No events

Classes redefined (0 events):
No events

Internal exceptions (0 events):
No events

VM Operations (0 events):
No events

Events (0 events):
No events


Dynamic libraries:
0x00007ff77f600000 - 0x00007ff77f60a000 	D:\Software\idea\IntelliJ IDEA 2024.1\jbr\bin\java.exe
0x00007ffa71a30000 - 0x00007ffa71c47000 	C:\WINDOWS\SYSTEM32\ntdll.dll
0x00007ffa6f960000 - 0x00007ffa6fa24000 	C:\WINDOWS\System32\KERNEL32.DLL
0x00007ffa6efe0000 - 0x00007ffa6f387000 	C:\WINDOWS\System32\KERNELBASE.dll
0x00007ffa6f5a0000 - 0x00007ffa6f6b1000 	C:\WINDOWS\System32\ucrtbase.dll
0x00007ffa69c90000 - 0x00007ffa69cab000 	D:\Software\idea\IntelliJ IDEA 2024.1\jbr\bin\VCRUNTIME140.dll
0x00007ffa43670000 - 0x00007ffa43687000 	D:\Software\idea\IntelliJ IDEA 2024.1\jbr\bin\jli.dll
0x00007ffa6fab0000 - 0x00007ffa6fc5e000 	C:\WINDOWS\System32\USER32.dll
0x00007ffa6f390000 - 0x00007ffa6f3b6000 	C:\WINDOWS\System32\win32u.dll
0x00007ffa719c0000 - 0x00007ffa719e9000 	C:\WINDOWS\System32\GDI32.dll
0x00007ffa6eec0000 - 0x00007ffa6efd9000 	C:\WINDOWS\System32\gdi32full.dll
0x00007ffa6f6c0000 - 0x00007ffa6f75a000 	C:\WINDOWS\System32\msvcp_win.dll
0x00007ffa5b380000 - 0x00007ffa5b613000 	C:\WINDOWS\WinSxS\amd64_microsoft.windows.common-controls_6595b64144ccf1df_6.0.22621.3527_none_270e469b73872a76\COMCTL32.dll
0x00007ffa71410000 - 0x00007ffa714b7000 	C:\WINDOWS\System32\msvcrt.dll
0x00007ffa70fb0000 - 0x00007ffa70fe1000 	C:\WINDOWS\System32\IMM32.DLL
0x00007ffa69c80000 - 0x00007ffa69c8c000 	D:\Software\idea\IntelliJ IDEA 2024.1\jbr\bin\vcruntime140_1.dll
0x00007ffa39320000 - 0x00007ffa393ad000 	D:\Software\idea\IntelliJ IDEA 2024.1\jbr\bin\msvcp140.dll
0x00007ffa03a00000 - 0x00007ffa04682000 	D:\Software\idea\IntelliJ IDEA 2024.1\jbr\bin\server\jvm.dll
0x00007ffa70590000 - 0x00007ffa70642000 	C:\WINDOWS\System32\ADVAPI32.dll
0x00007ffa700c0000 - 0x00007ffa70168000 	C:\WINDOWS\System32\sechost.dll
0x00007ffa6f570000 - 0x00007ffa6f598000 	C:\WINDOWS\System32\bcrypt.dll
0x00007ffa6ffa0000 - 0x00007ffa700b5000 	C:\WINDOWS\System32\RPCRT4.dll
0x00007ffa63110000 - 0x00007ffa63144000 	C:\WINDOWS\SYSTEM32\WINMM.dll
0x00007ffa66210000 - 0x00007ffa6621a000 	C:\WINDOWS\SYSTEM32\VERSION.dll
0x00007ffa66560000 - 0x00007ffa66569000 	C:\WINDOWS\SYSTEM32\WSOCK32.dll
0x00007ffa6dbd0000 - 0x00007ffa6dc1d000 	C:\WINDOWS\SYSTEM32\POWRPROF.dll
0x00007ffa6fef0000 - 0x00007ffa6ff61000 	C:\WINDOWS\System32\WS2_32.dll
0x00007ffa6dbb0000 - 0x00007ffa6dbc3000 	C:\WINDOWS\SYSTEM32\UMPDC.dll
0x00007ffa6de60000 - 0x00007ffa6de78000 	C:\WINDOWS\SYSTEM32\kernel.appcore.dll
0x00007ffa65d20000 - 0x00007ffa65d2a000 	D:\Software\idea\IntelliJ IDEA 2024.1\jbr\bin\jimage.dll
0x00007ffa6c340000 - 0x00007ffa6c572000 	C:\WINDOWS\SYSTEM32\DBGHELP.DLL
0x00007ffa70200000 - 0x00007ffa70588000 	C:\WINDOWS\System32\combase.dll
0x00007ffa6fc60000 - 0x00007ffa6fd37000 	C:\WINDOWS\System32\OLEAUT32.dll
0x00007ffa53e50000 - 0x00007ffa53e82000 	C:\WINDOWS\SYSTEM32\dbgcore.DLL
0x00007ffa6f4f0000 - 0x00007ffa6f569000 	C:\WINDOWS\System32\bcryptPrimitives.dll
0x00007ffa43560000 - 0x00007ffa43585000 	D:\Software\idea\IntelliJ IDEA 2024.1\jbr\bin\java.dll

dbghelp: loaded successfully - version: 4.0.5 - missing functions: none
symbol engine: initialized successfully - sym options: 0x614 - pdb path: .;D:\Software\idea\IntelliJ IDEA 2024.1\jbr\bin;C:\WINDOWS\SYSTEM32;C:\WINDOWS\WinSxS\amd64_microsoft.windows.common-controls_6595b64144ccf1df_6.0.22621.3527_none_270e469b73872a76;D:\Software\idea\IntelliJ IDEA 2024.1\jbr\bin\server

VM Arguments:
java_command: git4idea.http.GitAskPassApp Username for 'https://git.miyutech.cn': 
java_class_path (initial): D:/Software/idea/IntelliJ IDEA 2024.1/plugins/vcs-git/lib/git4idea-rt.jar;D:/Software/idea/IntelliJ IDEA 2024.1/lib/externalProcess-rt.jar
Launcher Type: SUN_STANDARD

[Global flags]
     intx CICompilerCount                          = 12                                        {product} {ergonomic}
     uint ConcGCThreads                            = 4                                         {product} {ergonomic}
     uint G1ConcRefinementThreads                  = 15                                        {product} {ergonomic}
   size_t G1HeapRegionSize                         = 4194304                                   {product} {ergonomic}
    uintx GCDrainStackTargetSize                   = 64                                        {product} {ergonomic}
   size_t InitialHeapSize                          = 532676608                                 {product} {ergonomic}
   size_t MarkStackSize                            = 4194304                                   {product} {ergonomic}
   size_t MaxHeapSize                              = 8518631424                                {product} {ergonomic}
   size_t MinHeapDeltaBytes                        = 4194304                                   {product} {ergonomic}
   size_t MinHeapSize                              = 8388608                                   {product} {ergonomic}
    uintx NonNMethodCodeHeapSize                   = 7602480                                {pd product} {ergonomic}
    uintx NonProfiledCodeHeapSize                  = 122027880                              {pd product} {ergonomic}
    uintx ProfiledCodeHeapSize                     = 122027880                              {pd product} {ergonomic}
    uintx ReservedCodeCacheSize                    = 251658240                              {pd product} {ergonomic}
     bool SegmentedCodeCache                       = true                                      {product} {ergonomic}
   size_t SoftMaxHeapSize                          = 8518631424                             {manageable} {ergonomic}
     bool UseCompressedClassPointers               = true                           {product lp64_product} {ergonomic}
     bool UseCompressedOops                        = true                           {product lp64_product} {ergonomic}
     bool UseG1GC                                  = true                                      {product} {ergonomic}
     bool UseLargePagesIndividualAllocation        = false                                  {pd product} {ergonomic}

Logging:
Log output configuration:
 #0: stdout all=warning uptime,level,tags
 #1: stderr all=off uptime,level,tags

Environment Variables:
JAVA_HOME=C:\Program Files\Java\jdk1.8.0_181
PATH=D:\Software\git\Git\Git\mingw64\libexec\git-core;D:\Software\git\Git\Git\mingw64\libexec\git-core;D:\Software\git\Git\Git\mingw64\bin;D:\Software\git\Git\Git\usr\bin;C:\Users\QianJy\bin;D:\Software\VMware-workstation pro 16\VMware\bin;D:\Software\IBM\ILOG\CPLEX_Studio1271\opl\bin\x64_win64;D:\Software\IBM\ILOG\CPLEX_Studio1271\opl\oplide;D:\Software\IBM\ILOG\CPLEX_Studio1271\cplex\bin\x64_win64;D:\Software\IBM\ILOG\CPLEX_Studio1271\cpoptimizer\bin\x64_win64;C:\Program Files (x86)\Common Files\Oracle\Java\javapath;C:\Windows\system32;C:\Windows;C:\Windows\System32\Wbem;C:\Windows\System32\WindowsPowerShell\v1.0;C:\Windows\System32\OpenSSH;C:\Program Files (x86)\NVIDIA Corporation\PhysX\Common;C:\Program Files\NVIDIA Corporation\NVIDIA NvDLISR;C:\WINDOWS\system32;C:\WINDOWS;C:\WINDOWS\System32\Wbem;C:\WINDOWS\System32\WindowsPowerShell\v1.0;C:\WINDOWS\System32\OpenSSH;C:\Program Files\dotnet;C:\Program Files\Java\jdk1.8.0_181\bin;D:\Software\node\nodejs\node_global;D:\Software\Xshell-7;D:\Software\Xftp-7\NetSarang\Xftp 7;D:\Software\nodejs\nvm;D:\Software\nodejs\nvm\nodejs;D:\Software\git\Git\Git\cmd;C:\Program Files\Microsoft SQL Server\150\Tools\Binn;C:\Program Files\Microsoft SQL Server\Client SDK\ODBC\170\Tools\Binn;D:\Software\VSCode\Microsoft VS Code\bin;C:\Users\QianJy\AppData\Local\Microsoft\WindowsApps;C:\Users\QianJy\.dotnet\tools;D:\QianJy\Roaming\npm;D:\Software\idea\IntelliJ IDEA 2024.1\bin;D:\Software\nodejs\nvm;D:\Software\nodejs\nvm\nodejs;D:\Software\Espanso\Espanso;C:\Users\QianJy\.dotnet\tools
USERNAME=QianJy
DISPLAY=:0.0
LC_ALL=en_US.UTF-8
TERM=cygwin
TMPDIR=C:\Users\QianJy\AppData\Local\Temp
OS=Windows_NT
PROCESSOR_IDENTIFIER=Intel64 Family 6 Model 154 Stepping 3, GenuineIntel
TMP=C:\Users\QianJy\AppData\Local\Temp
TEMP=C:\Users\QianJy\AppData\Local\Temp



Periodic native trim disabled

JNI global refs:
JNI global refs: 0, weak refs: 0

JNI global refs memory usage: 0, weak refs: 0

OOME stack traces (most recent first):
Classloader memory used:


---------------  S Y S T E M  ---------------

OS:
 Windows 11 , 64 bit Build 22621 (10.0.22621.3527)
OS uptime: 0 days 2:16 hours

CPU: total 20 (initial active 20) (10 cores per cpu, 2 threads per core) family 6 model 154 stepping 3 microcode 0x413, cx8, cmov, fxsr, ht, mmx, 3dnowpref, sse, sse2, sse3, ssse3, sse4.1, sse4.2, popcnt, lzcnt, tsc, tscinvbit, avx, avx2, aes, erms, clmul, bmi1, bmi2, adx, sha, fma, vzeroupper, clflush, clflushopt, clwb
Processor Information for processor 0
  Max Mhz: 2700, Current Mhz: 1489, Mhz Limit: 2700
Processor Information for processor 1
  Max Mhz: 2700, Current Mhz: 2700, Mhz Limit: 2700
Processor Information for processor 2
  Max Mhz: 2700, Current Mhz: 2700, Mhz Limit: 2700
Processor Information for processor 3
  Max Mhz: 2700, Current Mhz: 1489, Mhz Limit: 2700
Processor Information for processor 4
  Max Mhz: 2700, Current Mhz: 1489, Mhz Limit: 2700
Processor Information for processor 5
  Max Mhz: 2700, Current Mhz: 2700, Mhz Limit: 2700
Processor Information for processor 6
  Max Mhz: 2700, Current Mhz: 2700, Mhz Limit: 2700
Processor Information for processor 7
  Max Mhz: 2700, Current Mhz: 2700, Mhz Limit: 2700
Processor Information for processor 8
  Max Mhz: 2700, Current Mhz: 2700, Mhz Limit: 2700
Processor Information for processor 9
  Max Mhz: 2700, Current Mhz: 2700, Mhz Limit: 2700
Processor Information for processor 10
  Max Mhz: 2700, Current Mhz: 2700, Mhz Limit: 2700
Processor Information for processor 11
  Max Mhz: 2700, Current Mhz: 2700, Mhz Limit: 2700
Processor Information for processor 12
  Max Mhz: 2700, Current Mhz: 1526, Mhz Limit: 1971
Processor Information for processor 13
  Max Mhz: 2700, Current Mhz: 1995, Mhz Limit: 1971
Processor Information for processor 14
  Max Mhz: 2700, Current Mhz: 1995, Mhz Limit: 1971
Processor Information for processor 15
  Max Mhz: 2700, Current Mhz: 1995, Mhz Limit: 1971
Processor Information for processor 16
  Max Mhz: 2700, Current Mhz: 1995, Mhz Limit: 1971
Processor Information for processor 17
  Max Mhz: 2700, Current Mhz: 1995, Mhz Limit: 1971
Processor Information for processor 18
  Max Mhz: 2700, Current Mhz: 1995, Mhz Limit: 1971
Processor Information for processor 19
  Max Mhz: 2700, Current Mhz: 1995, Mhz Limit: 1971

Memory: 4k page, system-wide physical 32492M (820M free)
TotalPageFile size 58092M (AvailPageFile size 264M)
current process WorkingSet (physical memory assigned to process): 11M, peak: 11M
current process commit charge ("private bytes"): 75M, peak: 583M

vm_info: OpenJDK 64-Bit Server VM (17.0.10+8-b1207.12) for windows-amd64 JRE (17.0.10+8-b1207.12), built on 2024-03-15 by "builduser" with MS VC++ 16.10 / 16.11 (VS2019)

END.
